* using log directory ‘/Users/pbost/Documents/GitHub/Balagan/balagan.Rcheck’
* using R version 4.0.3 (2020-10-10)
* using platform: x86_64-apple-darwin17.0 (64-bit)
* using session charset: UTF-8
* checking for file ‘balagan/DESCRIPTION’ ... OK
* this is package ‘balagan’ version ‘0.1’
* package encoding: UTF-8
* checking package namespace information ... OK
* checking package dependencies ... ERROR
Package suggested but not available: ‘colorRamp’

VignetteBuilder package not declared: ‘knitr’

Namespace dependencies not required:
  'Matrix', 'S4Vectors', 'pheatmap', 'rTensor', 'spatstat'

The suggested packages are required for a complete check.
Checking can be attempted without them by setting the environment
variable _R_CHECK_FORCE_SUGGESTS_ to a false value.

See section ‘The DESCRIPTION file’ in the ‘Writing R Extensions’
manual.
* DONE
Status: 1 ERROR
